t2.obj : error LNK2005: _main 已经在 t1.obj 中定义
t3.obj : error LNK2005: _main 已经在 t1.obj 中定义
t4.obj : error LNK2005: _main 已经在 t1.obj 中定义
t5.obj : error LNK2005: _main 已经在 t1.obj 中定义
t6.obj : error LNK2005: _main 已经在 t1.obj 中定义
D:\c语言\hu的c++\test2\Debug\test2.exe : fatal error LNK1169: 找到一个或多个多重定义的符号
